<?xml version="1.0" encoding="UTF-8" ?>
<testsuites disabled="0" errors="0" failures="0" tests="3" time="11.352">
 <testsuite name="PASSWORD field for user :" timestamp="2019-09-27T17:35:34" hostname="localhost" time="11.352" errors="0" tests="3" skipped="0" disabled="0" failures="0">
  <testcase classname="PASSWORD field for user :" name="should display a input Password field for user" time="3.055" />
  <testcase classname="PASSWORD field for user :" name="on submit of password field...with valid detail ,its submitted" time="4.139" />
  <testcase classname="PASSWORD field for user :" name="on submit of password field...with error it will be notified to user" time="4.157" />
 </testsuite>
</testsuites>