<?xml version="1.0" encoding="UTF-8" ?>
<testsuites disabled="0" errors="0" failures="0" tests="3" time="11.849">
 <testsuite name="Country dropdown field for user :" timestamp="2019-09-27T17:36:22" hostname="localhost" time="11.849" errors="0" tests="3" skipped="0" disabled="0" failures="0">
  <testcase classname="Country dropdown field for user :" name="should display a input Country field for user" time="3.858" />
  <testcase classname="Country dropdown field for user :" name="on submit of country field...without selecting any option ,it will be notified to user" time="4.028" />
  <testcase classname="Country dropdown field for user :" name="on submit of country field...with option selected ,its valid" time="3.963" />
 </testsuite>
</testsuites>