<?xml version="1.0" encoding="UTF-8" ?>
<testsuites disabled="0" errors="0" failures="0" tests="3" time="12.906">
 <testsuite name="the FORM submission  for user :" timestamp="2019-09-27T17:36:34" hostname="localhost" time="12.906" errors="0" tests="3" skipped="0" disabled="0" failures="0">
  <testcase classname="the FORM submission  for user :" name="should display a Submit Button for user" time="3.858" />
  <testcase classname="the FORM submission  for user :" name="on submit of FORM ..with empty fields or invalid details,it will be notified to user" time="3.901" />
  <testcase classname="the FORM submission  for user :" name="on submit of FORM ..with valid details ,it is submitted with no notification" time="5.146" />
 </testsuite>
</testsuites>