<?xml version="1.0" encoding="UTF-8" ?>
<testsuites disabled="0" errors="0" failures="0" tests="3" time="12.1">
 <testsuite name="Email field for user :" timestamp="2019-09-27T17:35:58" hostname="localhost" time="12.1" errors="0" tests="3" skipped="0" disabled="0" failures="0">
  <testcase classname="Email field for user :" name="should display a input email field for user" time="3.864" />
  <testcase classname="Email field for user :" name="on submit of email field...with valid detail, its submitted" time="4.17" />
  <testcase classname="Email field for user :" name="on submit of email field...with error it will be notified to user" time="4.066" />
 </testsuite>
</testsuites>