<?xml version="1.0" encoding="UTF-8" ?>
<testsuites disabled="0" errors="0" failures="0" tests="3" time="12.005">
 <testsuite name="Gender field for user :" timestamp="2019-09-27T17:36:10" hostname="localhost" time="12.005" errors="0" tests="3" skipped="0" disabled="0" failures="0">
  <testcase classname="Gender field for user :" name="should display a input Gender field for user" time="3.877" />
  <testcase classname="Gender field for user :" name="on submit of gender field...without selecting any option ,it will be notified to user" time="4.029" />
  <testcase classname="Gender field for user :" name="on submit of gender field...with option selected ,its valid" time="4.098" />
 </testsuite>
</testsuites>