<?xml version="1.0" encoding="UTF-8" ?>
<testsuites disabled="0" errors="0" failures="0" tests="3" time="12.94">
 <testsuite name="CONFIRM PASSWORD field for user :" timestamp="2019-09-27T17:35:45" hostname="localhost" time="12.94" errors="0" tests="3" skipped="0" disabled="0" failures="0">
  <testcase classname="CONFIRM PASSWORD field for user :" name="should display a input Confirm Password field for user" time="3.867" />
  <testcase classname="CONFIRM PASSWORD field for user :" name="on submit of confirm password field...with valid details,its submitted" time="5.021" />
  <testcase classname="CONFIRM PASSWORD field for user :" name="on submit of confirm password field...with error it will be notified to user" time="4.051" />
 </testsuite>
</testsuites>